{"/Users/anandsingh/Sites/piehost/piesocket/sdks/piesocket-js/src/Blockchain.js": {"path":"/Users/anandsingh/Sites/piehost/piesocket/sdks/piesocket-js/src/Blockchain.js","statementMap":{"0":{"start":{"line":1,"column":19},"end":{"line":1,"column":21}},"1":{"start":{"line":2,"column":20},"end":{"line":2,"column":74}},"2":{"start":{"line":3,"column":29},"end":{"line":3,"column":73}},"3":{"start":{"line":4,"column":30},"end":{"line":4,"column":74}},"4":{"start":{"line":8,"column":4},"end":{"line":8,"column":27}},"5":{"start":{"line":10,"column":4},"end":{"line":10,"column":38}},"6":{"start":{"line":11,"column":4},"end":{"line":11,"column":42}},"7":{"start":{"line":12,"column":4},"end":{"line":12,"column":62}},"8":{"start":{"line":13,"column":4},"end":{"line":13,"column":58}},"9":{"start":{"line":15,"column":4},"end":{"line":19,"column":5}},"10":{"start":{"line":16,"column":6},"end":{"line":16,"column":50}},"11":{"start":{"line":18,"column":6},"end":{"line":18,"column":51}},"12":{"start":{"line":23,"column":15},"end":{"line":23,"column":40}},"13":{"start":{"line":24,"column":21},"end":{"line":24,"column":76}},"14":{"start":{"line":25,"column":4},"end":{"line":25,"column":31}},"15":{"start":{"line":27,"column":4},"end":{"line":27,"column":78}},"16":{"start":{"line":31,"column":4},"end":{"line":34,"column":5}},"17":{"start":{"line":32,"column":6},"end":{"line":32,"column":47}},"18":{"start":{"line":33,"column":6},"end":{"line":33,"column":19}},"19":{"start":{"line":36,"column":4},"end":{"line":39,"column":5}},"20":{"start":{"line":37,"column":6},"end":{"line":37,"column":48}},"21":{"start":{"line":38,"column":6},"end":{"line":38,"column":19}},"22":{"start":{"line":41,"column":4},"end":{"line":41,"column":16}},"23":{"start":{"line":45,"column":4},"end":{"line":57,"column":7}},"24":{"start":{"line":46,"column":6},"end":{"line":56,"column":7}},"25":{"start":{"line":47,"column":8},"end":{"line":49,"column":9}},"26":{"start":{"line":48,"column":10},"end":{"line":48,"column":28}},"27":{"start":{"line":51,"column":24},"end":{"line":51,"column":114}},"28":{"start":{"line":52,"column":8},"end":{"line":52,"column":47}},"29":{"start":{"line":53,"column":8},"end":{"line":55,"column":11}},"30":{"start":{"line":54,"column":10},"end":{"line":54,"column":24}},"31":{"start":{"line":61,"column":4},"end":{"line":86,"column":7}},"32":{"start":{"line":62,"column":6},"end":{"line":85,"column":7}},"33":{"start":{"line":63,"column":8},"end":{"line":65,"column":9}},"34":{"start":{"line":64,"column":10},"end":{"line":64,"column":28}},"35":{"start":{"line":67,"column":25},"end":{"line":67,"column":63}},"36":{"start":{"line":69,"column":24},"end":{"line":69,"column":123}},"37":{"start":{"line":70,"column":8},"end":{"line":75,"column":11}},"38":{"start":{"line":71,"column":10},"end":{"line":74,"column":13}},"39":{"start":{"line":76,"column":8},"end":{"line":78,"column":11}},"40":{"start":{"line":77,"column":10},"end":{"line":77,"column":24}},"41":{"start":{"line":80,"column":8},"end":{"line":84,"column":9}},"42":{"start":{"line":81,"column":10},"end":{"line":81,"column":43}},"43":{"start":{"line":83,"column":10},"end":{"line":83,"column":44}},"44":{"start":{"line":90,"column":4},"end":{"line":129,"column":7}},"45":{"start":{"line":91,"column":19},"end":{"line":91,"column":33}},"46":{"start":{"line":93,"column":6},"end":{"line":93,"column":41}},"47":{"start":{"line":94,"column":6},"end":{"line":94,"column":43}},"48":{"start":{"line":95,"column":6},"end":{"line":95,"column":54}},"49":{"start":{"line":96,"column":6},"end":{"line":96,"column":52}},"50":{"start":{"line":98,"column":18},"end":{"line":98,"column":38}},"51":{"start":{"line":100,"column":6},"end":{"line":119,"column":9}},"52":{"start":{"line":101,"column":8},"end":{"line":118,"column":9}},"53":{"start":{"line":102,"column":10},"end":{"line":117,"column":11}},"54":{"start":{"line":103,"column":29},"end":{"line":103,"column":58}},"55":{"start":{"line":104,"column":12},"end":{"line":107,"column":13}},"56":{"start":{"line":105,"column":14},"end":{"line":105,"column":83}},"57":{"start":{"line":106,"column":14},"end":{"line":106,"column":23}},"58":{"start":{"line":109,"column":12},"end":{"line":113,"column":13}},"59":{"start":{"line":110,"column":14},"end":{"line":110,"column":40}},"60":{"start":{"line":112,"column":14},"end":{"line":112,"column":38}},"61":{"start":{"line":115,"column":12},"end":{"line":115,"column":86}},"62":{"start":{"line":116,"column":12},"end":{"line":116,"column":21}},"63":{"start":{"line":121,"column":6},"end":{"line":124,"column":9}},"64":{"start":{"line":122,"column":8},"end":{"line":122,"column":93}},"65":{"start":{"line":123,"column":8},"end":{"line":123,"column":17}},"66":{"start":{"line":126,"column":6},"end":{"line":126,"column":36}},"67":{"start":{"line":127,"column":6},"end":{"line":127,"column":57}},"68":{"start":{"line":128,"column":6},"end":{"line":128,"column":21}}},"fnMap":{"0":{"name":"(anonymous_0)","decl":{"start":{"line":7,"column":2},"end":{"line":7,"column":3}},"loc":{"start":{"line":7,"column":23},"end":{"line":20,"column":3}},"line":7},"1":{"name":"(anonymous_1)","decl":{"start":{"line":22,"column":2},"end":{"line":22,"column":3}},"loc":{"start":{"line":22,"column":15},"end":{"line":28,"column":3}},"line":22},"2":{"name":"(anonymous_2)","decl":{"start":{"line":30,"column":2},"end":{"line":30,"column":3}},"loc":{"start":{"line":30,"column":14},"end":{"line":42,"column":3}},"line":30},"3":{"name":"(anonymous_3)","decl":{"start":{"line":44,"column":2},"end":{"line":44,"column":3}},"loc":{"start":{"line":44,"column":22},"end":{"line":58,"column":3}},"line":44},"4":{"name":"(anonymous_4)","decl":{"start":{"line":45,"column":23},"end":{"line":45,"column":24}},"loc":{"start":{"line":45,"column":50},"end":{"line":57,"column":5}},"line":45},"5":{"name":"(anonymous_5)","decl":{"start":{"line":53,"column":28},"end":{"line":53,"column":29}},"loc":{"start":{"line":53,"column":39},"end":{"line":55,"column":9}},"line":53},"6":{"name":"(anonymous_6)","decl":{"start":{"line":60,"column":2},"end":{"line":60,"column":3}},"loc":{"start":{"line":60,"column":22},"end":{"line":87,"column":3}},"line":60},"7":{"name":"(anonymous_7)","decl":{"start":{"line":61,"column":23},"end":{"line":61,"column":24}},"loc":{"start":{"line":61,"column":50},"end":{"line":86,"column":5}},"line":61},"8":{"name":"(anonymous_8)","decl":{"start":{"line":70,"column":38},"end":{"line":70,"column":39}},"loc":{"start":{"line":70,"column":48},"end":{"line":75,"column":9}},"line":70},"9":{"name":"(anonymous_9)","decl":{"start":{"line":76,"column":28},"end":{"line":76,"column":29}},"loc":{"start":{"line":76,"column":39},"end":{"line":78,"column":9}},"line":76},"10":{"name":"(anonymous_10)","decl":{"start":{"line":89,"column":2},"end":{"line":89,"column":3}},"loc":{"start":{"line":89,"column":36},"end":{"line":130,"column":3}},"line":89},"11":{"name":"(anonymous_11)","decl":{"start":{"line":90,"column":23},"end":{"line":90,"column":24}},"loc":{"start":{"line":90,"column":44},"end":{"line":129,"column":5}},"line":90},"12":{"name":"(anonymous_12)","decl":{"start":{"line":100,"column":47},"end":{"line":100,"column":48}},"loc":{"start":{"line":100,"column":58},"end":{"line":119,"column":7}},"line":100},"13":{"name":"(anonymous_13)","decl":{"start":{"line":121,"column":36},"end":{"line":121,"column":37}},"loc":{"start":{"line":121,"column":42},"end":{"line":124,"column":7}},"line":121}},"branchMap":{"0":{"loc":{"start":{"line":15,"column":4},"end":{"line":19,"column":5}},"type":"if","locations":[{"start":{"line":15,"column":4},"end":{"line":19,"column":5}},{"start":{"line":17,"column":11},"end":{"line":19,"column":5}}],"line":15},"1":{"loc":{"start":{"line":31,"column":4},"end":{"line":34,"column":5}},"type":"if","locations":[{"start":{"line":31,"column":4},"end":{"line":34,"column":5}},{"start":{},"end":{}}],"line":31},"2":{"loc":{"start":{"line":36,"column":4},"end":{"line":39,"column":5}},"type":"if","locations":[{"start":{"line":36,"column":4},"end":{"line":39,"column":5}},{"start":{},"end":{}}],"line":36},"3":{"loc":{"start":{"line":46,"column":6},"end":{"line":56,"column":7}},"type":"if","locations":[{"start":{"line":46,"column":6},"end":{"line":56,"column":7}},{"start":{},"end":{}}],"line":46},"4":{"loc":{"start":{"line":47,"column":8},"end":{"line":49,"column":9}},"type":"if","locations":[{"start":{"line":47,"column":8},"end":{"line":49,"column":9}},{"start":{},"end":{}}],"line":47},"5":{"loc":{"start":{"line":62,"column":6},"end":{"line":85,"column":7}},"type":"if","locations":[{"start":{"line":62,"column":6},"end":{"line":85,"column":7}},{"start":{"line":79,"column":13},"end":{"line":85,"column":7}}],"line":62},"6":{"loc":{"start":{"line":63,"column":8},"end":{"line":65,"column":9}},"type":"if","locations":[{"start":{"line":63,"column":8},"end":{"line":65,"column":9}},{"start":{},"end":{}}],"line":63},"7":{"loc":{"start":{"line":80,"column":8},"end":{"line":84,"column":9}},"type":"if","locations":[{"start":{"line":80,"column":8},"end":{"line":84,"column":9}},{"start":{"line":82,"column":15},"end":{"line":84,"column":9}}],"line":80},"8":{"loc":{"start":{"line":101,"column":8},"end":{"line":118,"column":9}},"type":"if","locations":[{"start":{"line":101,"column":8},"end":{"line":118,"column":9}},{"start":{},"end":{}}],"line":101},"9":{"loc":{"start":{"line":104,"column":12},"end":{"line":107,"column":13}},"type":"if","locations":[{"start":{"line":104,"column":12},"end":{"line":107,"column":13}},{"start":{},"end":{}}],"line":104},"10":{"loc":{"start":{"line":109,"column":12},"end":{"line":113,"column":13}},"type":"if","locations":[{"start":{"line":109,"column":12},"end":{"line":113,"column":13}},{"start":{"line":111,"column":19},"end":{"line":113,"column":13}}],"line":109}},"s":{"0":3,"1":3,"2":3,"3":3,"4":2,"5":2,"6":2,"7":2,"8":2,"9":2,"10":1,"11":1,"12":0,"13":0,"14":0,"15":0,"16":2,"17":2,"18":2,"19":0,"20":0,"21":0,"22":0,"23":1,"24":1,"25":0,"26":0,"27":0,"28":0,"29":0,"30":0,"31":0,"32":0,"33":0,"34":0,"35":0,"36":0,"37":0,"38":0,"39":0,"40":0,"41":0,"42":0,"43":0,"44":0,"45":0,"46":0,"47":0,"48":0,"49":0,"50":0,"51":0,"52":0,"53":0,"54":0,"55":0,"56":0,"57":0,"58":0,"59":0,"60":0,"61":0,"62":0,"63":0,"64":0,"65":0,"66":0,"67":0,"68":0},"f":{"0":2,"1":0,"2":2,"3":1,"4":1,"5":0,"6":0,"7":0,"8":0,"9":0,"10":0,"11":0,"12":0,"13":0},"b":{"0":[1,1],"1":[2,0],"2":[0,0],"3":[0,1],"4":[0,0],"5":[0,0],"6":[0,0],"7":[0,0],"8":[0,0],"9":[0,0],"10":[0,0]},"_coverageSchema":"1a1c01bbd47fc00a2c39e90264f33305004495a9","hash":"ad119140532e5734c9f198f6d0b274c31fbb6ae1"}
,"/Users/anandsingh/Sites/piehost/piesocket/sdks/piesocket-js/src/Channel.js": {"path":"/Users/anandsingh/Sites/piehost/piesocket/sdks/piesocket-js/src/Channel.js","statementMap":{"0":{"start":{"line":7,"column":4},"end":{"line":7,"column":21}},"1":{"start":{"line":8,"column":4},"end":{"line":8,"column":24}},"2":{"start":{"line":9,"column":4},"end":{"line":9,"column":22}},"3":{"start":{"line":10,"column":4},"end":{"line":10,"column":23}},"4":{"start":{"line":11,"column":4},"end":{"line":11,"column":21}},"5":{"start":{"line":12,"column":4},"end":{"line":12,"column":38}},"6":{"start":{"line":13,"column":4},"end":{"line":13,"column":34}},"7":{"start":{"line":15,"column":4},"end":{"line":17,"column":5}},"8":{"start":{"line":16,"column":6},"end":{"line":16,"column":13}},"9":{"start":{"line":19,"column":4},"end":{"line":19,"column":34}},"10":{"start":{"line":23,"column":4},"end":{"line":23,"column":29}},"11":{"start":{"line":24,"column":4},"end":{"line":24,"column":29}},"12":{"start":{"line":25,"column":4},"end":{"line":25,"column":37}},"13":{"start":{"line":26,"column":4},"end":{"line":26,"column":33}},"14":{"start":{"line":27,"column":4},"end":{"line":27,"column":39}},"15":{"start":{"line":31,"column":17},"end":{"line":31,"column":21}},"16":{"start":{"line":32,"column":4},"end":{"line":37,"column":5}},"17":{"start":{"line":32,"column":17},"end":{"line":32,"column":18}},"18":{"start":{"line":33,"column":6},"end":{"line":36,"column":7}},"19":{"start":{"line":34,"column":8},"end":{"line":34,"column":33}},"20":{"start":{"line":35,"column":8},"end":{"line":35,"column":14}},"21":{"start":{"line":38,"column":4},"end":{"line":38,"column":18}},"22":{"start":{"line":42,"column":4},"end":{"line":42,"column":43}},"23":{"start":{"line":46,"column":23},"end":{"line":46,"column":48}},"24":{"start":{"line":47,"column":4},"end":{"line":47,"column":53}},"25":{"start":{"line":48,"column":4},"end":{"line":48,"column":47}},"26":{"start":{"line":49,"column":4},"end":{"line":49,"column":49}},"27":{"start":{"line":50,"column":4},"end":{"line":50,"column":49}},"28":{"start":{"line":52,"column":4},"end":{"line":54,"column":5}},"29":{"start":{"line":53,"column":6},"end":{"line":53,"column":63}},"30":{"start":{"line":56,"column":4},"end":{"line":58,"column":5}},"31":{"start":{"line":57,"column":6},"end":{"line":57,"column":55}},"32":{"start":{"line":60,"column":4},"end":{"line":60,"column":22}},"33":{"start":{"line":65,"column":4},"end":{"line":65,"column":34}},"34":{"start":{"line":70,"column":4},"end":{"line":70,"column":37}},"35":{"start":{"line":75,"column":4},"end":{"line":75,"column":38}},"36":{"start":{"line":79,"column":4},"end":{"line":81,"column":5}},"37":{"start":{"line":80,"column":6},"end":{"line":80,"column":60}},"38":{"start":{"line":82,"column":4},"end":{"line":86,"column":8}},"39":{"start":{"line":91,"column":4},"end":{"line":93,"column":5}},"40":{"start":{"line":92,"column":6},"end":{"line":92,"column":54}},"41":{"start":{"line":95,"column":4},"end":{"line":112,"column":5}},"42":{"start":{"line":96,"column":22},"end":{"line":96,"column":54}},"43":{"start":{"line":98,"column":6},"end":{"line":105,"column":7}},"44":{"start":{"line":99,"column":8},"end":{"line":104,"column":11}},"45":{"start":{"line":107,"column":6},"end":{"line":107,"column":165}},"46":{"start":{"line":109,"column":6},"end":{"line":111,"column":7}},"47":{"start":{"line":110,"column":8},"end":{"line":110,"column":54}},"48":{"start":{"line":116,"column":4},"end":{"line":118,"column":5}},"49":{"start":{"line":117,"column":6},"end":{"line":117,"column":54}},"50":{"start":{"line":120,"column":4},"end":{"line":136,"column":5}},"51":{"start":{"line":121,"column":19},"end":{"line":121,"column":65}},"52":{"start":{"line":123,"column":6},"end":{"line":129,"column":7}},"53":{"start":{"line":124,"column":8},"end":{"line":128,"column":11}},"54":{"start":{"line":131,"column":6},"end":{"line":131,"column":150}},"55":{"start":{"line":133,"column":6},"end":{"line":135,"column":7}},"56":{"start":{"line":134,"column":8},"end":{"line":134,"column":54}},"57":{"start":{"line":140,"column":4},"end":{"line":140,"column":43}},"58":{"start":{"line":142,"column":4},"end":{"line":162,"column":5}},"59":{"start":{"line":143,"column":22},"end":{"line":143,"column":40}},"60":{"start":{"line":144,"column":6},"end":{"line":146,"column":7}},"61":{"start":{"line":145,"column":8},"end":{"line":145,"column":37}},"62":{"start":{"line":149,"column":6},"end":{"line":159,"column":7}},"63":{"start":{"line":150,"column":8},"end":{"line":150,"column":44}},"64":{"start":{"line":152,"column":8},"end":{"line":154,"column":9}},"65":{"start":{"line":153,"column":10},"end":{"line":153,"column":79}},"66":{"start":{"line":156,"column":8},"end":{"line":158,"column":9}},"67":{"start":{"line":157,"column":10},"end":{"line":157,"column":84}},"68":{"start":{"line":161,"column":6},"end":{"line":161,"column":35}},"69":{"start":{"line":165,"column":4},"end":{"line":167,"column":5}},"70":{"start":{"line":166,"column":6},"end":{"line":166,"column":43}},"71":{"start":{"line":171,"column":4},"end":{"line":194,"column":5}},"72":{"start":{"line":172,"column":6},"end":{"line":172,"column":42}},"73":{"start":{"line":173,"column":11},"end":{"line":194,"column":5}},"74":{"start":{"line":174,"column":6},"end":{"line":174,"column":42}},"75":{"start":{"line":175,"column":11},"end":{"line":194,"column":5}},"76":{"start":{"line":176,"column":6},"end":{"line":176,"column":42}},"77":{"start":{"line":177,"column":6},"end":{"line":179,"column":7}},"78":{"start":{"line":178,"column":8},"end":{"line":178,"column":64}},"79":{"start":{"line":180,"column":11},"end":{"line":194,"column":5}},"80":{"start":{"line":181,"column":6},"end":{"line":181,"column":53}},"81":{"start":{"line":182,"column":11},"end":{"line":194,"column":5}},"82":{"start":{"line":183,"column":6},"end":{"line":183,"column":82}},"83":{"start":{"line":184,"column":11},"end":{"line":194,"column":5}},"84":{"start":{"line":185,"column":6},"end":{"line":185,"column":43}},"85":{"start":{"line":186,"column":11},"end":{"line":194,"column":5}},"86":{"start":{"line":187,"column":6},"end":{"line":187,"column":43}},"87":{"start":{"line":188,"column":11},"end":{"line":194,"column":5}},"88":{"start":{"line":189,"column":6},"end":{"line":189,"column":48}},"89":{"start":{"line":190,"column":11},"end":{"line":194,"column":5}},"90":{"start":{"line":191,"column":6},"end":{"line":191,"column":45}},"91":{"start":{"line":192,"column":11},"end":{"line":194,"column":5}},"92":{"start":{"line":193,"column":6},"end":{"line":193,"column":45}},"93":{"start":{"line":198,"column":4},"end":{"line":198,"column":45}},"94":{"start":{"line":199,"column":4},"end":{"line":199,"column":32}},"95":{"start":{"line":202,"column":4},"end":{"line":202,"column":30}},"96":{"start":{"line":206,"column":4},"end":{"line":206,"column":43}},"97":{"start":{"line":207,"column":4},"end":{"line":207,"column":28}},"98":{"start":{"line":210,"column":4},"end":{"line":210,"column":26}},"99":{"start":{"line":213,"column":4},"end":{"line":215,"column":5}},"100":{"start":{"line":214,"column":6},"end":{"line":214,"column":41}},"101":{"start":{"line":219,"column":4},"end":{"line":219,"column":43}},"102":{"start":{"line":220,"column":4},"end":{"line":220,"column":21}},"103":{"start":{"line":223,"column":4},"end":{"line":225,"column":5}},"104":{"start":{"line":224,"column":6},"end":{"line":224,"column":41}},"105":{"start":{"line":229,"column":4},"end":{"line":231,"column":5}},"106":{"start":{"line":230,"column":6},"end":{"line":230,"column":13}},"107":{"start":{"line":232,"column":4},"end":{"line":232,"column":36}},"108":{"start":{"line":233,"column":4},"end":{"line":233,"column":37}}},"fnMap":{"0":{"name":"(anonymous_0)","decl":{"start":{"line":6,"column":2},"end":{"line":6,"column":3}},"loc":{"start":{"line":6,"column":45},"end":{"line":20,"column":3}},"line":6},"1":{"name":"(anonymous_1)","decl":{"start":{"line":12,"column":29},"end":{"line":12,"column":30}},"loc":{"start":{"line":12,"column":35},"end":{"line":12,"column":37}},"line":12},"2":{"name":"(anonymous_2)","decl":{"start":{"line":13,"column":25},"end":{"line":13,"column":26}},"loc":{"start":{"line":13,"column":31},"end":{"line":13,"column":33}},"line":13},"3":{"name":"(anonymous_3)","decl":{"start":{"line":22,"column":2},"end":{"line":22,"column":3}},"loc":{"start":{"line":22,"column":27},"end":{"line":28,"column":3}},"line":22},"4":{"name":"(anonymous_4)","decl":{"start":{"line":30,"column":2},"end":{"line":30,"column":3}},"loc":{"start":{"line":30,"column":24},"end":{"line":39,"column":3}},"line":30},"5":{"name":"(anonymous_5)","decl":{"start":{"line":41,"column":2},"end":{"line":41,"column":3}},"loc":{"start":{"line":41,"column":21},"end":{"line":43,"column":3}},"line":41},"6":{"name":"(anonymous_6)","decl":{"start":{"line":45,"column":2},"end":{"line":45,"column":3}},"loc":{"start":{"line":45,"column":12},"end":{"line":61,"column":3}},"line":45},"7":{"name":"(anonymous_7)","decl":{"start":{"line":63,"column":2},"end":{"line":63,"column":3}},"loc":{"start":{"line":63,"column":22},"end":{"line":66,"column":3}},"line":63},"8":{"name":"(anonymous_8)","decl":{"start":{"line":68,"column":2},"end":{"line":68,"column":3}},"loc":{"start":{"line":68,"column":26},"end":{"line":71,"column":3}},"line":68},"9":{"name":"(anonymous_9)","decl":{"start":{"line":74,"column":2},"end":{"line":74,"column":3}},"loc":{"start":{"line":74,"column":13},"end":{"line":76,"column":3}},"line":74},"10":{"name":"(anonymous_10)","decl":{"start":{"line":78,"column":2},"end":{"line":78,"column":3}},"loc":{"start":{"line":78,"column":35},"end":{"line":87,"column":3}},"line":78},"11":{"name":"(anonymous_11)","decl":{"start":{"line":90,"column":2},"end":{"line":90,"column":3}},"loc":{"start":{"line":90,"column":44},"end":{"line":113,"column":3}},"line":90},"12":{"name":"(anonymous_12)","decl":{"start":{"line":115,"column":2},"end":{"line":115,"column":3}},"loc":{"start":{"line":115,"column":52},"end":{"line":137,"column":3}},"line":115},"13":{"name":"(anonymous_13)","decl":{"start":{"line":139,"column":2},"end":{"line":139,"column":3}},"loc":{"start":{"line":139,"column":15},"end":{"line":168,"column":3}},"line":139},"14":{"name":"(anonymous_14)","decl":{"start":{"line":170,"column":2},"end":{"line":170,"column":3}},"loc":{"start":{"line":170,"column":33},"end":{"line":195,"column":3}},"line":170},"15":{"name":"(anonymous_15)","decl":{"start":{"line":197,"column":2},"end":{"line":197,"column":3}},"loc":{"start":{"line":197,"column":12},"end":{"line":203,"column":3}},"line":197},"16":{"name":"(anonymous_16)","decl":{"start":{"line":205,"column":2},"end":{"line":205,"column":3}},"loc":{"start":{"line":205,"column":13},"end":{"line":216,"column":3}},"line":205},"17":{"name":"(anonymous_17)","decl":{"start":{"line":218,"column":2},"end":{"line":218,"column":3}},"loc":{"start":{"line":218,"column":13},"end":{"line":226,"column":3}},"line":218},"18":{"name":"(anonymous_18)","decl":{"start":{"line":228,"column":2},"end":{"line":228,"column":3}},"loc":{"start":{"line":228,"column":14},"end":{"line":234,"column":3}},"line":228}},"branchMap":{"0":{"loc":{"start":{"line":6,"column":34},"end":{"line":6,"column":43}},"type":"default-arg","locations":[{"start":{"line":6,"column":39},"end":{"line":6,"column":43}}],"line":6},"1":{"loc":{"start":{"line":15,"column":4},"end":{"line":17,"column":5}},"type":"if","locations":[{"start":{"line":15,"column":4},"end":{"line":17,"column":5}},{"start":{},"end":{}}],"line":15},"2":{"loc":{"start":{"line":33,"column":6},"end":{"line":36,"column":7}},"type":"if","locations":[{"start":{"line":33,"column":6},"end":{"line":36,"column":7}},{"start":{},"end":{}}],"line":33},"3":{"loc":{"start":{"line":52,"column":4},"end":{"line":54,"column":5}},"type":"if","locations":[{"start":{"line":52,"column":4},"end":{"line":54,"column":5}},{"start":{},"end":{}}],"line":52},"4":{"loc":{"start":{"line":56,"column":4},"end":{"line":58,"column":5}},"type":"if","locations":[{"start":{"line":56,"column":4},"end":{"line":58,"column":5}},{"start":{},"end":{}}],"line":56},"5":{"loc":{"start":{"line":79,"column":4},"end":{"line":81,"column":5}},"type":"if","locations":[{"start":{"line":79,"column":4},"end":{"line":81,"column":5}},{"start":{},"end":{}}],"line":79},"6":{"loc":{"start":{"line":79,"column":8},"end":{"line":79,"column":31}},"type":"binary-expr","locations":[{"start":{"line":79,"column":8},"end":{"line":79,"column":12}},{"start":{"line":79,"column":16},"end":{"line":79,"column":31}}],"line":79},"7":{"loc":{"start":{"line":91,"column":4},"end":{"line":93,"column":5}},"type":"if","locations":[{"start":{"line":91,"column":4},"end":{"line":93,"column":5}},{"start":{},"end":{}}],"line":91},"8":{"loc":{"start":{"line":98,"column":6},"end":{"line":105,"column":7}},"type":"if","locations":[{"start":{"line":98,"column":6},"end":{"line":105,"column":7}},{"start":{},"end":{}}],"line":98},"9":{"loc":{"start":{"line":109,"column":6},"end":{"line":111,"column":7}},"type":"if","locations":[{"start":{"line":109,"column":6},"end":{"line":111,"column":7}},{"start":{},"end":{}}],"line":109},"10":{"loc":{"start":{"line":116,"column":4},"end":{"line":118,"column":5}},"type":"if","locations":[{"start":{"line":116,"column":4},"end":{"line":118,"column":5}},{"start":{},"end":{}}],"line":116},"11":{"loc":{"start":{"line":123,"column":6},"end":{"line":129,"column":7}},"type":"if","locations":[{"start":{"line":123,"column":6},"end":{"line":129,"column":7}},{"start":{},"end":{}}],"line":123},"12":{"loc":{"start":{"line":133,"column":6},"end":{"line":135,"column":7}},"type":"if","locations":[{"start":{"line":133,"column":6},"end":{"line":135,"column":7}},{"start":{},"end":{}}],"line":133},"13":{"loc":{"start":{"line":144,"column":6},"end":{"line":146,"column":7}},"type":"if","locations":[{"start":{"line":144,"column":6},"end":{"line":146,"column":7}},{"start":{},"end":{}}],"line":144},"14":{"loc":{"start":{"line":144,"column":10},"end":{"line":144,"column":47}},"type":"binary-expr","locations":[{"start":{"line":144,"column":10},"end":{"line":144,"column":23}},{"start":{"line":144,"column":27},"end":{"line":144,"column":47}}],"line":144},"15":{"loc":{"start":{"line":149,"column":6},"end":{"line":159,"column":7}},"type":"if","locations":[{"start":{"line":149,"column":6},"end":{"line":159,"column":7}},{"start":{},"end":{}}],"line":149},"16":{"loc":{"start":{"line":152,"column":8},"end":{"line":154,"column":9}},"type":"if","locations":[{"start":{"line":152,"column":8},"end":{"line":154,"column":9}},{"start":{},"end":{}}],"line":152},"17":{"loc":{"start":{"line":156,"column":8},"end":{"line":158,"column":9}},"type":"if","locations":[{"start":{"line":156,"column":8},"end":{"line":158,"column":9}},{"start":{},"end":{}}],"line":156},"18":{"loc":{"start":{"line":165,"column":4},"end":{"line":167,"column":5}},"type":"if","locations":[{"start":{"line":165,"column":4},"end":{"line":167,"column":5}},{"start":{},"end":{}}],"line":165},"19":{"loc":{"start":{"line":171,"column":4},"end":{"line":194,"column":5}},"type":"if","locations":[{"start":{"line":171,"column":4},"end":{"line":194,"column":5}},{"start":{"line":173,"column":11},"end":{"line":194,"column":5}}],"line":171},"20":{"loc":{"start":{"line":173,"column":11},"end":{"line":194,"column":5}},"type":"if","locations":[{"start":{"line":173,"column":11},"end":{"line":194,"column":5}},{"start":{"line":175,"column":11},"end":{"line":194,"column":5}}],"line":173},"21":{"loc":{"start":{"line":175,"column":11},"end":{"line":194,"column":5}},"type":"if","locations":[{"start":{"line":175,"column":11},"end":{"line":194,"column":5}},{"start":{"line":180,"column":11},"end":{"line":194,"column":5}}],"line":175},"22":{"loc":{"start":{"line":177,"column":6},"end":{"line":179,"column":7}},"type":"if","locations":[{"start":{"line":177,"column":6},"end":{"line":179,"column":7}},{"start":{},"end":{}}],"line":177},"23":{"loc":{"start":{"line":180,"column":11},"end":{"line":194,"column":5}},"type":"if","locations":[{"start":{"line":180,"column":11},"end":{"line":194,"column":5}},{"start":{"line":182,"column":11},"end":{"line":194,"column":5}}],"line":180},"24":{"loc":{"start":{"line":180,"column":15},"end":{"line":180,"column":93}},"type":"binary-expr","locations":[{"start":{"line":180,"column":15},"end":{"line":180,"column":59}},{"start":{"line":180,"column":63},"end":{"line":180,"column":93}}],"line":180},"25":{"loc":{"start":{"line":182,"column":11},"end":{"line":194,"column":5}},"type":"if","locations":[{"start":{"line":182,"column":11},"end":{"line":194,"column":5}},{"start":{"line":184,"column":11},"end":{"line":194,"column":5}}],"line":182},"26":{"loc":{"start":{"line":182,"column":15},"end":{"line":182,"column":89}},"type":"binary-expr","locations":[{"start":{"line":182,"column":15},"end":{"line":182,"column":55}},{"start":{"line":182,"column":59},"end":{"line":182,"column":89}}],"line":182},"27":{"loc":{"start":{"line":184,"column":11},"end":{"line":194,"column":5}},"type":"if","locations":[{"start":{"line":184,"column":11},"end":{"line":194,"column":5}},{"start":{"line":186,"column":11},"end":{"line":194,"column":5}}],"line":184},"28":{"loc":{"start":{"line":184,"column":15},"end":{"line":184,"column":89}},"type":"binary-expr","locations":[{"start":{"line":184,"column":15},"end":{"line":184,"column":55}},{"start":{"line":184,"column":59},"end":{"line":184,"column":89}}],"line":184},"29":{"loc":{"start":{"line":186,"column":11},"end":{"line":194,"column":5}},"type":"if","locations":[{"start":{"line":186,"column":11},"end":{"line":194,"column":5}},{"start":{"line":188,"column":11},"end":{"line":194,"column":5}}],"line":186},"30":{"loc":{"start":{"line":186,"column":15},"end":{"line":186,"column":88}},"type":"binary-expr","locations":[{"start":{"line":186,"column":15},"end":{"line":186,"column":54}},{"start":{"line":186,"column":58},"end":{"line":186,"column":88}}],"line":186},"31":{"loc":{"start":{"line":188,"column":11},"end":{"line":194,"column":5}},"type":"if","locations":[{"start":{"line":188,"column":11},"end":{"line":194,"column":5}},{"start":{"line":190,"column":11},"end":{"line":194,"column":5}}],"line":188},"32":{"loc":{"start":{"line":188,"column":15},"end":{"line":188,"column":89}},"type":"binary-expr","locations":[{"start":{"line":188,"column":15},"end":{"line":188,"column":57}},{"start":{"line":188,"column":61},"end":{"line":188,"column":89}}],"line":188},"33":{"loc":{"start":{"line":190,"column":11},"end":{"line":194,"column":5}},"type":"if","locations":[{"start":{"line":190,"column":11},"end":{"line":194,"column":5}},{"start":{"line":192,"column":11},"end":{"line":194,"column":5}}],"line":190},"34":{"loc":{"start":{"line":190,"column":15},"end":{"line":190,"column":84}},"type":"binary-expr","locations":[{"start":{"line":190,"column":15},"end":{"line":190,"column":52}},{"start":{"line":190,"column":56},"end":{"line":190,"column":84}}],"line":190},"35":{"loc":{"start":{"line":192,"column":11},"end":{"line":194,"column":5}},"type":"if","locations":[{"start":{"line":192,"column":11},"end":{"line":194,"column":5}},{"start":{},"end":{}}],"line":192},"36":{"loc":{"start":{"line":192,"column":15},"end":{"line":192,"column":85}},"type":"binary-expr","locations":[{"start":{"line":192,"column":15},"end":{"line":192,"column":53}},{"start":{"line":192,"column":57},"end":{"line":192,"column":85}}],"line":192},"37":{"loc":{"start":{"line":213,"column":4},"end":{"line":215,"column":5}},"type":"if","locations":[{"start":{"line":213,"column":4},"end":{"line":215,"column":5}},{"start":{},"end":{}}],"line":213},"38":{"loc":{"start":{"line":223,"column":4},"end":{"line":225,"column":5}},"type":"if","locations":[{"start":{"line":223,"column":4},"end":{"line":225,"column":5}},{"start":{},"end":{}}],"line":223},"39":{"loc":{"start":{"line":229,"column":4},"end":{"line":231,"column":5}},"type":"if","locations":[{"start":{"line":229,"column":4},"end":{"line":231,"column":5}},{"start":{},"end":{}}],"line":229}},"s":{"0":5,"1":5,"2":5,"3":5,"4":5,"5":5,"6":5,"7":5,"8":1,"9":4,"10":5,"11":5,"12":5,"13":5,"14":5,"15":0,"16":0,"17":0,"18":0,"19":0,"20":0,"21":0,"22":0,"23":7,"24":7,"25":7,"26":7,"27":7,"28":7,"29":2,"30":7,"31":2,"32":7,"33":12,"34":3,"35":1,"36":3,"37":0,"38":3,"39":2,"40":1,"41":2,"42":2,"43":1,"44":1,"45":1,"46":1,"47":1,"48":2,"49":0,"50":2,"51":2,"52":1,"53":1,"54":1,"55":1,"56":1,"57":1,"58":1,"59":1,"60":1,"61":0,"62":1,"63":1,"64":1,"65":1,"66":1,"67":1,"68":0,"69":1,"70":1,"71":1,"72":0,"73":1,"74":0,"75":1,"76":0,"77":0,"78":0,"79":1,"80":0,"81":1,"82":0,"83":1,"84":0,"85":1,"86":0,"87":1,"88":0,"89":1,"90":0,"91":1,"92":0,"93":1,"94":1,"95":1,"96":1,"97":1,"98":1,"99":1,"100":1,"101":1,"102":1,"103":1,"104":1,"105":2,"106":0,"107":2,"108":2},"f":{"0":5,"1":0,"2":1,"3":5,"4":0,"5":0,"6":7,"7":12,"8":3,"9":1,"10":3,"11":2,"12":2,"13":1,"14":1,"15":1,"16":1,"17":1,"18":2},"b":{"0":[4],"1":[1,4],"2":[0,0],"3":[2,5],"4":[2,5],"5":[0,3],"6":[3,1],"7":[1,1],"8":[1,0],"9":[1,0],"10":[0,2],"11":[1,0],"12":[1,0],"13":[0,1],"14":[1,0],"15":[1,0],"16":[1,0],"17":[1,0],"18":[1,0],"19":[0,1],"20":[0,1],"21":[0,1],"22":[0,0],"23":[0,1],"24":[1,0],"25":[0,1],"26":[1,0],"27":[0,1],"28":[1,0],"29":[0,1],"30":[1,0],"31":[0,1],"32":[1,0],"33":[0,1],"34":[1,0],"35":[0,1],"36":[1,0],"37":[1,0],"38":[1,0],"39":[0,2]},"_coverageSchema":"1a1c01bbd47fc00a2c39e90264f33305004495a9","hash":"9df4a8cef6b132b354cf91653df6ac4451877a62"}
,"/Users/anandsingh/Sites/piehost/piesocket/sdks/piesocket-js/src/InvalidAuthException.js": {"path":"/Users/anandsingh/Sites/piehost/piesocket/sdks/piesocket-js/src/InvalidAuthException.js","statementMap":{"0":{"start":{"line":3,"column":4},"end":{"line":3,"column":142}},"1":{"start":{"line":4,"column":4},"end":{"line":4,"column":21}}},"fnMap":{"0":{"name":"(anonymous_0)","decl":{"start":{"line":2,"column":2},"end":{"line":2,"column":3}},"loc":{"start":{"line":2,"column":57},"end":{"line":5,"column":3}},"line":2}},"branchMap":{"0":{"loc":{"start":{"line":2,"column":14},"end":{"line":2,"column":26}},"type":"default-arg","locations":[{"start":{"line":2,"column":22},"end":{"line":2,"column":26}}],"line":2},"1":{"loc":{"start":{"line":2,"column":28},"end":{"line":2,"column":55}},"type":"default-arg","locations":[{"start":{"line":2,"column":33},"end":{"line":2,"column":55}}],"line":2},"2":{"loc":{"start":{"line":3,"column":19},"end":{"line":3,"column":141}},"type":"binary-expr","locations":[{"start":{"line":3,"column":19},"end":{"line":3,"column":26}},{"start":{"line":3,"column":30},"end":{"line":3,"column":141}}],"line":3}},"s":{"0":2,"1":2},"f":{"0":2},"b":{"0":[1],"1":[2],"2":[2,1]},"_coverageSchema":"1a1c01bbd47fc00a2c39e90264f33305004495a9","hash":"bc1f9bf8e3e151d984056579a6dacdb6b74c45bc"}
,"/Users/anandsingh/Sites/piehost/piesocket/sdks/piesocket-js/src/Logger.js": {"path":"/Users/anandsingh/Sites/piehost/piesocket/sdks/piesocket-js/src/Logger.js","statementMap":{"0":{"start":{"line":3,"column":4},"end":{"line":3,"column":27}},"1":{"start":{"line":7,"column":4},"end":{"line":9,"column":5}},"2":{"start":{"line":8,"column":6},"end":{"line":8,"column":27}},"3":{"start":{"line":13,"column":4},"end":{"line":15,"column":5}},"4":{"start":{"line":14,"column":6},"end":{"line":14,"column":28}},"5":{"start":{"line":19,"column":4},"end":{"line":21,"column":5}},"6":{"start":{"line":20,"column":6},"end":{"line":20,"column":29}}},"fnMap":{"0":{"name":"(anonymous_0)","decl":{"start":{"line":2,"column":2},"end":{"line":2,"column":3}},"loc":{"start":{"line":2,"column":23},"end":{"line":4,"column":3}},"line":2},"1":{"name":"(anonymous_1)","decl":{"start":{"line":6,"column":2},"end":{"line":6,"column":3}},"loc":{"start":{"line":6,"column":15},"end":{"line":10,"column":3}},"line":6},"2":{"name":"(anonymous_2)","decl":{"start":{"line":12,"column":2},"end":{"line":12,"column":3}},"loc":{"start":{"line":12,"column":16},"end":{"line":16,"column":3}},"line":12},"3":{"name":"(anonymous_3)","decl":{"start":{"line":18,"column":2},"end":{"line":18,"column":3}},"loc":{"start":{"line":18,"column":17},"end":{"line":22,"column":3}},"line":18}},"branchMap":{"0":{"loc":{"start":{"line":7,"column":4},"end":{"line":9,"column":5}},"type":"if","locations":[{"start":{"line":7,"column":4},"end":{"line":9,"column":5}},{"start":{},"end":{}}],"line":7},"1":{"loc":{"start":{"line":13,"column":4},"end":{"line":15,"column":5}},"type":"if","locations":[{"start":{"line":13,"column":4},"end":{"line":15,"column":5}},{"start":{},"end":{}}],"line":13},"2":{"loc":{"start":{"line":19,"column":4},"end":{"line":21,"column":5}},"type":"if","locations":[{"start":{"line":19,"column":4},"end":{"line":21,"column":5}},{"start":{},"end":{}}],"line":19}},"s":{"0":15,"1":9,"2":0,"3":1,"4":0,"5":2,"6":0},"f":{"0":15,"1":9,"2":1,"3":2},"b":{"0":[0,9],"1":[0,1],"2":[0,2]},"_coverageSchema":"1a1c01bbd47fc00a2c39e90264f33305004495a9","hash":"8daee91445e20eefd75f3c4822b3740e7cfcbac1"}
,"/Users/anandsingh/Sites/piehost/piesocket/sdks/piesocket-js/src/PieSocket.js": {"path":"/Users/anandsingh/Sites/piehost/piesocket/sdks/piesocket-js/src/PieSocket.js","statementMap":{"0":{"start":{"line":10,"column":4},"end":{"line":10,"column":28}},"1":{"start":{"line":12,"column":4},"end":{"line":12,"column":51}},"2":{"start":{"line":13,"column":4},"end":{"line":13,"column":26}},"3":{"start":{"line":14,"column":4},"end":{"line":14,"column":43}},"4":{"start":{"line":18,"column":4},"end":{"line":58,"column":7}},"5":{"start":{"line":19,"column":6},"end":{"line":22,"column":7}},"6":{"start":{"line":21,"column":8},"end":{"line":21,"column":39}},"7":{"start":{"line":24,"column":19},"end":{"line":24,"column":27}},"8":{"start":{"line":25,"column":23},"end":{"line":25,"column":62}},"9":{"start":{"line":27,"column":6},"end":{"line":57,"column":7}},"10":{"start":{"line":28,"column":8},"end":{"line":28,"column":65}},"11":{"start":{"line":29,"column":8},"end":{"line":29,"column":45}},"12":{"start":{"line":31,"column":8},"end":{"line":31,"column":59}},"13":{"start":{"line":32,"column":24},"end":{"line":49,"column":10}},"14":{"start":{"line":35,"column":12},"end":{"line":35,"column":32}},"15":{"start":{"line":36,"column":12},"end":{"line":41,"column":13}},"16":{"start":{"line":37,"column":14},"end":{"line":40,"column":17}},"17":{"start":{"line":40,"column":18},"end":{"line":40,"column":21}},"18":{"start":{"line":42,"column":12},"end":{"line":42,"column":50}},"19":{"start":{"line":43,"column":12},"end":{"line":43,"column":29}},"20":{"start":{"line":46,"column":12},"end":{"line":46,"column":58}},"21":{"start":{"line":51,"column":8},"end":{"line":56,"column":9}},"22":{"start":{"line":53,"column":10},"end":{"line":53,"column":30}},"23":{"start":{"line":54,"column":10},"end":{"line":54,"column":48}},"24":{"start":{"line":55,"column":10},"end":{"line":55,"column":27}},"25":{"start":{"line":62,"column":4},"end":{"line":67,"column":5}},"26":{"start":{"line":63,"column":6},"end":{"line":63,"column":58}},"27":{"start":{"line":64,"column":6},"end":{"line":64,"column":53}},"28":{"start":{"line":65,"column":6},"end":{"line":65,"column":41}},"29":{"start":{"line":66,"column":6},"end":{"line":66,"column":18}},"30":{"start":{"line":69,"column":4},"end":{"line":69,"column":17}},"31":{"start":{"line":73,"column":4},"end":{"line":73,"column":28}},"32":{"start":{"line":77,"column":4},"end":{"line":106,"column":7}},"33":{"start":{"line":78,"column":19},"end":{"line":78,"column":33}},"34":{"start":{"line":79,"column":6},"end":{"line":79,"column":43}},"35":{"start":{"line":81,"column":18},"end":{"line":81,"column":38}},"36":{"start":{"line":82,"column":6},"end":{"line":82,"column":33}},"37":{"start":{"line":84,"column":6},"end":{"line":93,"column":9}},"38":{"start":{"line":85,"column":8},"end":{"line":92,"column":9}},"39":{"start":{"line":86,"column":10},"end":{"line":91,"column":11}},"40":{"start":{"line":87,"column":29},"end":{"line":87,"column":58}},"41":{"start":{"line":88,"column":12},"end":{"line":88,"column":30}},"42":{"start":{"line":90,"column":12},"end":{"line":90,"column":104}},"43":{"start":{"line":94,"column":6},"end":{"line":96,"column":9}},"44":{"start":{"line":95,"column":8},"end":{"line":95,"column":92}},"45":{"start":{"line":98,"column":6},"end":{"line":98,"column":50}},"46":{"start":{"line":100,"column":22},"end":{"line":100,"column":59}},"47":{"start":{"line":101,"column":6},"end":{"line":103,"column":9}},"48":{"start":{"line":102,"column":8},"end":{"line":102,"column":71}},"49":{"start":{"line":105,"column":6},"end":{"line":105,"column":21}},"50":{"start":{"line":110,"column":4},"end":{"line":112,"column":5}},"51":{"start":{"line":111,"column":6},"end":{"line":111,"column":18}},"52":{"start":{"line":114,"column":4},"end":{"line":114,"column":47}},"53":{"start":{"line":118,"column":26},"end":{"line":118,"column":133}},"54":{"start":{"line":119,"column":21},"end":{"line":119,"column":52}},"55":{"start":{"line":120,"column":19},"end":{"line":120,"column":214}},"56":{"start":{"line":123,"column":4},"end":{"line":130,"column":5}},"57":{"start":{"line":124,"column":6},"end":{"line":124,"column":51}},"58":{"start":{"line":125,"column":11},"end":{"line":130,"column":5}},"59":{"start":{"line":126,"column":19},"end":{"line":126,"column":53}},"60":{"start":{"line":127,"column":6},"end":{"line":129,"column":7}},"61":{"start":{"line":128,"column":8},"end":{"line":128,"column":48}},"62":{"start":{"line":133,"column":4},"end":{"line":135,"column":5}},"63":{"start":{"line":134,"column":6},"end":{"line":134,"column":57}},"64":{"start":{"line":138,"column":4},"end":{"line":138,"column":38}},"65":{"start":{"line":140,"column":4},"end":{"line":140,"column":20}}},"fnMap":{"0":{"name":"(anonymous_0)","decl":{"start":{"line":9,"column":2},"end":{"line":9,"column":3}},"loc":{"start":{"line":9,"column":23},"end":{"line":15,"column":3}},"line":9},"1":{"name":"(anonymous_1)","decl":{"start":{"line":17,"column":2},"end":{"line":17,"column":3}},"loc":{"start":{"line":17,"column":45},"end":{"line":59,"column":3}},"line":17},"2":{"name":"(anonymous_2)","decl":{"start":{"line":18,"column":23},"end":{"line":18,"column":24}},"loc":{"start":{"line":18,"column":50},"end":{"line":58,"column":5}},"line":18},"3":{"name":"(anonymous_3)","decl":{"start":{"line":34,"column":29},"end":{"line":34,"column":30}},"loc":{"start":{"line":34,"column":35},"end":{"line":44,"column":11}},"line":34},"4":{"name":"(anonymous_4)","decl":{"start":{"line":45,"column":25},"end":{"line":45,"column":26}},"loc":{"start":{"line":45,"column":31},"end":{"line":47,"column":11}},"line":45},"5":{"name":"(anonymous_5)","decl":{"start":{"line":61,"column":2},"end":{"line":61,"column":3}},"loc":{"start":{"line":61,"column":25},"end":{"line":70,"column":3}},"line":61},"6":{"name":"(anonymous_6)","decl":{"start":{"line":72,"column":2},"end":{"line":72,"column":3}},"loc":{"start":{"line":72,"column":19},"end":{"line":74,"column":3}},"line":72},"7":{"name":"(anonymous_7)","decl":{"start":{"line":76,"column":2},"end":{"line":76,"column":3}},"loc":{"start":{"line":76,"column":30},"end":{"line":107,"column":3}},"line":76},"8":{"name":"(anonymous_8)","decl":{"start":{"line":77,"column":23},"end":{"line":77,"column":24}},"loc":{"start":{"line":77,"column":42},"end":{"line":106,"column":5}},"line":77},"9":{"name":"(anonymous_9)","decl":{"start":{"line":84,"column":47},"end":{"line":84,"column":48}},"loc":{"start":{"line":84,"column":58},"end":{"line":93,"column":7}},"line":84},"10":{"name":"(anonymous_10)","decl":{"start":{"line":94,"column":36},"end":{"line":94,"column":37}},"loc":{"start":{"line":94,"column":40},"end":{"line":96,"column":7}},"line":94},"11":{"name":"(anonymous_11)","decl":{"start":{"line":101,"column":22},"end":{"line":101,"column":23}},"loc":{"start":{"line":101,"column":34},"end":{"line":103,"column":7}},"line":101},"12":{"name":"(anonymous_12)","decl":{"start":{"line":109,"column":2},"end":{"line":109,"column":3}},"loc":{"start":{"line":109,"column":21},"end":{"line":115,"column":3}},"line":109},"13":{"name":"(anonymous_13)","decl":{"start":{"line":117,"column":2},"end":{"line":117,"column":3}},"loc":{"start":{"line":117,"column":37},"end":{"line":141,"column":3}},"line":117}},"branchMap":{"0":{"loc":{"start":{"line":10,"column":14},"end":{"line":10,"column":27}},"type":"binary-expr","locations":[{"start":{"line":10,"column":14},"end":{"line":10,"column":21}},{"start":{"line":10,"column":25},"end":{"line":10,"column":27}}],"line":10},"1":{"loc":{"start":{"line":17,"column":29},"end":{"line":17,"column":43}},"type":"default-arg","locations":[{"start":{"line":17,"column":41},"end":{"line":17,"column":43}}],"line":17},"2":{"loc":{"start":{"line":19,"column":6},"end":{"line":22,"column":7}},"type":"if","locations":[{"start":{"line":19,"column":6},"end":{"line":22,"column":7}},{"start":{},"end":{}}],"line":19},"3":{"loc":{"start":{"line":19,"column":10},"end":{"line":19,"column":70}},"type":"binary-expr","locations":[{"start":{"line":19,"column":10},"end":{"line":19,"column":27}},{"start":{"line":19,"column":31},"end":{"line":19,"column":48}},{"start":{"line":19,"column":52},"end":{"line":19,"column":70}}],"line":19},"4":{"loc":{"start":{"line":27,"column":6},"end":{"line":57,"column":7}},"type":"if","locations":[{"start":{"line":27,"column":6},"end":{"line":57,"column":7}},{"start":{"line":30,"column":13},"end":{"line":57,"column":7}}],"line":27},"5":{"loc":{"start":{"line":36,"column":12},"end":{"line":41,"column":13}},"type":"if","locations":[{"start":{"line":36,"column":12},"end":{"line":41,"column":13}},{"start":{},"end":{}}],"line":36},"6":{"loc":{"start":{"line":36,"column":16},"end":{"line":36,"column":76}},"type":"binary-expr","locations":[{"start":{"line":36,"column":16},"end":{"line":36,"column":33}},{"start":{"line":36,"column":37},"end":{"line":36,"column":54}},{"start":{"line":36,"column":58},"end":{"line":36,"column":76}}],"line":36},"7":{"loc":{"start":{"line":51,"column":8},"end":{"line":56,"column":9}},"type":"if","locations":[{"start":{"line":51,"column":8},"end":{"line":56,"column":9}},{"start":{},"end":{}}],"line":51},"8":{"loc":{"start":{"line":62,"column":4},"end":{"line":67,"column":5}},"type":"if","locations":[{"start":{"line":62,"column":4},"end":{"line":67,"column":5}},{"start":{},"end":{}}],"line":62},"9":{"loc":{"start":{"line":85,"column":8},"end":{"line":92,"column":9}},"type":"if","locations":[{"start":{"line":85,"column":8},"end":{"line":92,"column":9}},{"start":{},"end":{}}],"line":85},"10":{"loc":{"start":{"line":110,"column":4},"end":{"line":112,"column":5}},"type":"if","locations":[{"start":{"line":110,"column":4},"end":{"line":112,"column":5}},{"start":{},"end":{}}],"line":110},"11":{"loc":{"start":{"line":118,"column":26},"end":{"line":118,"column":133}},"type":"cond-expr","locations":[{"start":{"line":118,"column":63},"end":{"line":118,"column":104}},{"start":{"line":118,"column":107},"end":{"line":118,"column":133}}],"line":118},"12":{"loc":{"start":{"line":119,"column":21},"end":{"line":119,"column":52}},"type":"cond-expr","locations":[{"start":{"line":119,"column":40},"end":{"line":119,"column":45}},{"start":{"line":119,"column":48},"end":{"line":119,"column":52}}],"line":119},"13":{"loc":{"start":{"line":123,"column":4},"end":{"line":130,"column":5}},"type":"if","locations":[{"start":{"line":123,"column":4},"end":{"line":130,"column":5}},{"start":{"line":125,"column":11},"end":{"line":130,"column":5}}],"line":123},"14":{"loc":{"start":{"line":125,"column":11},"end":{"line":130,"column":5}},"type":"if","locations":[{"start":{"line":125,"column":11},"end":{"line":130,"column":5}},{"start":{},"end":{}}],"line":125},"15":{"loc":{"start":{"line":127,"column":6},"end":{"line":129,"column":7}},"type":"if","locations":[{"start":{"line":127,"column":6},"end":{"line":129,"column":7}},{"start":{},"end":{}}],"line":127},"16":{"loc":{"start":{"line":133,"column":4},"end":{"line":135,"column":5}},"type":"if","locations":[{"start":{"line":133,"column":4},"end":{"line":135,"column":5}},{"start":{},"end":{}}],"line":133}},"s":{"0":5,"1":5,"2":5,"3":5,"4":3,"5":3,"6":0,"7":3,"8":3,"9":3,"10":1,"11":1,"12":2,"13":2,"14":0,"15":0,"16":0,"17":0,"18":0,"19":0,"20":0,"21":2,"22":2,"23":2,"24":2,"25":2,"26":1,"27":1,"28":1,"29":1,"30":1,"31":1,"32":0,"33":0,"34":0,"35":0,"36":0,"37":0,"38":0,"39":0,"40":0,"41":0,"42":0,"43":0,"44":0,"45":0,"46":0,"47":0,"48":0,"49":0,"50":14,"51":3,"52":11,"53":12,"54":12,"55":12,"56":12,"57":1,"58":11,"59":3,"60":3,"61":2,"62":12,"63":1,"64":12,"65":12},"f":{"0":5,"1":3,"2":3,"3":0,"4":0,"5":2,"6":1,"7":0,"8":0,"9":0,"10":0,"11":0,"12":14,"13":12},"b":{"0":[5,2],"1":[3],"2":[0,3],"3":[3,3,3],"4":[1,2],"5":[0,0],"6":[0,0,0],"7":[2,0],"8":[1,1],"9":[0,0],"10":[3,11],"11":[12,0],"12":[12,0],"13":[1,11],"14":[3,8],"15":[2,1],"16":[1,11]},"_coverageSchema":"1a1c01bbd47fc00a2c39e90264f33305004495a9","hash":"f66ed0db733b1d3425238c73210e97d91f6ca303"}
,"/Users/anandsingh/Sites/piehost/piesocket/sdks/piesocket-js/src/Portal.js": {"path":"/Users/anandsingh/Sites/piehost/piesocket/sdks/piesocket-js/src/Portal.js","statementMap":{"0":{"start":{"line":5,"column":29},"end":{"line":10,"column":1}},"1":{"start":{"line":21,"column":4},"end":{"line":21,"column":27}},"2":{"start":{"line":22,"column":4},"end":{"line":22,"column":39}},"3":{"start":{"line":23,"column":4},"end":{"line":23,"column":59}},"4":{"start":{"line":24,"column":4},"end":{"line":24,"column":28}},"5":{"start":{"line":25,"column":4},"end":{"line":25,"column":30}},"6":{"start":{"line":26,"column":4},"end":{"line":31,"column":6}},"7":{"start":{"line":32,"column":4},"end":{"line":35,"column":6}},"8":{"start":{"line":37,"column":4},"end":{"line":37,"column":27}},"9":{"start":{"line":38,"column":4},"end":{"line":38,"column":28}},"10":{"start":{"line":40,"column":4},"end":{"line":40,"column":47}},"11":{"start":{"line":41,"column":4},"end":{"line":41,"column":16}},"12":{"start":{"line":49,"column":4},"end":{"line":52,"column":5}},"13":{"start":{"line":50,"column":6},"end":{"line":50,"column":30}},"14":{"start":{"line":51,"column":6},"end":{"line":51,"column":13}},"15":{"start":{"line":54,"column":4},"end":{"line":66,"column":5}},"16":{"start":{"line":58,"column":6},"end":{"line":61,"column":47}},"17":{"start":{"line":62,"column":6},"end":{"line":62,"column":18}},"18":{"start":{"line":64,"column":6},"end":{"line":64,"column":74}},"19":{"start":{"line":65,"column":6},"end":{"line":65,"column":19}},"20":{"start":{"line":70,"column":4},"end":{"line":73,"column":5}},"21":{"start":{"line":71,"column":6},"end":{"line":71,"column":64}},"22":{"start":{"line":72,"column":6},"end":{"line":72,"column":13}},"23":{"start":{"line":75,"column":26},"end":{"line":75,"column":71}},"24":{"start":{"line":77,"column":4},"end":{"line":85,"column":6}},"25":{"start":{"line":78,"column":6},"end":{"line":84,"column":7}},"26":{"start":{"line":79,"column":8},"end":{"line":83,"column":11}},"27":{"start":{"line":87,"column":4},"end":{"line":96,"column":6}},"28":{"start":{"line":88,"column":6},"end":{"line":90,"column":7}},"29":{"start":{"line":89,"column":8},"end":{"line":89,"column":15}},"30":{"start":{"line":92,"column":6},"end":{"line":92,"column":61}},"31":{"start":{"line":93,"column":6},"end":{"line":95,"column":7}},"32":{"start":{"line":94,"column":8},"end":{"line":94,"column":73}},"33":{"start":{"line":98,"column":4},"end":{"line":102,"column":6}},"34":{"start":{"line":100,"column":6},"end":{"line":101,"column":49}},"35":{"start":{"line":104,"column":4},"end":{"line":108,"column":5}},"36":{"start":{"line":105,"column":6},"end":{"line":107,"column":9}},"37":{"start":{"line":106,"column":8},"end":{"line":106,"column":56}},"38":{"start":{"line":110,"column":4},"end":{"line":114,"column":5}},"39":{"start":{"line":111,"column":6},"end":{"line":113,"column":9}},"40":{"start":{"line":112,"column":8},"end":{"line":112,"column":58}},"41":{"start":{"line":116,"column":4},"end":{"line":116,"column":44}},"42":{"start":{"line":118,"column":4},"end":{"line":120,"column":6}},"43":{"start":{"line":119,"column":6},"end":{"line":119,"column":65}},"44":{"start":{"line":122,"column":4},"end":{"line":124,"column":6}},"45":{"start":{"line":128,"column":4},"end":{"line":130,"column":5}},"46":{"start":{"line":129,"column":6},"end":{"line":129,"column":59}},"47":{"start":{"line":135,"column":4},"end":{"line":140,"column":7}},"48":{"start":{"line":136,"column":6},"end":{"line":139,"column":9}},"49":{"start":{"line":143,"column":4},"end":{"line":143,"column":38}},"50":{"start":{"line":144,"column":25},"end":{"line":144,"column":42}},"51":{"start":{"line":146,"column":28},"end":{"line":146,"column":53}},"52":{"start":{"line":147,"column":4},"end":{"line":152,"column":7}},"53":{"start":{"line":148,"column":18},"end":{"line":148,"column":38}},"54":{"start":{"line":149,"column":6},"end":{"line":151,"column":9}},"55":{"start":{"line":150,"column":8},"end":{"line":150,"column":42}},"56":{"start":{"line":156,"column":4},"end":{"line":159,"column":45}},"57":{"start":{"line":168,"column":4},"end":{"line":171,"column":5}},"58":{"start":{"line":169,"column":6},"end":{"line":169,"column":46}},"59":{"start":{"line":170,"column":6},"end":{"line":170,"column":13}},"60":{"start":{"line":173,"column":4},"end":{"line":173,"column":43}},"61":{"start":{"line":175,"column":24},"end":{"line":175,"column":57}},"62":{"start":{"line":176,"column":4},"end":{"line":176,"column":57}},"63":{"start":{"line":178,"column":4},"end":{"line":178,"column":32}},"64":{"start":{"line":180,"column":4},"end":{"line":184,"column":7}},"65":{"start":{"line":188,"column":4},"end":{"line":188,"column":35}},"66":{"start":{"line":190,"column":4},"end":{"line":192,"column":5}},"67":{"start":{"line":191,"column":6},"end":{"line":191,"column":44}},"68":{"start":{"line":196,"column":26},"end":{"line":196,"column":60}},"69":{"start":{"line":197,"column":4},"end":{"line":197,"column":64}},"70":{"start":{"line":201,"column":4},"end":{"line":234,"column":7}},"71":{"start":{"line":202,"column":6},"end":{"line":208,"column":7}},"72":{"start":{"line":206,"column":8},"end":{"line":206,"column":53}},"73":{"start":{"line":207,"column":8},"end":{"line":207,"column":39}},"74":{"start":{"line":210,"column":6},"end":{"line":212,"column":8}},"75":{"start":{"line":214,"column":6},"end":{"line":233,"column":7}},"76":{"start":{"line":215,"column":8},"end":{"line":215,"column":68}},"77":{"start":{"line":216,"column":28},"end":{"line":218,"column":28}},"78":{"start":{"line":220,"column":8},"end":{"line":222,"column":10}},"79":{"start":{"line":223,"column":8},"end":{"line":227,"column":11}},"80":{"start":{"line":228,"column":8},"end":{"line":228,"column":18}},"81":{"start":{"line":230,"column":8},"end":{"line":230,"column":61}},"82":{"start":{"line":232,"column":8},"end":{"line":232,"column":18}},"83":{"start":{"line":238,"column":4},"end":{"line":240,"column":6}},"84":{"start":{"line":248,"column":4},"end":{"line":248,"column":30}},"85":{"start":{"line":250,"column":4},"end":{"line":252,"column":5}},"86":{"start":{"line":251,"column":6},"end":{"line":251,"column":47}},"87":{"start":{"line":254,"column":4},"end":{"line":254,"column":28}},"88":{"start":{"line":258,"column":20},"end":{"line":258,"column":47}},"89":{"start":{"line":260,"column":4},"end":{"line":262,"column":5}},"90":{"start":{"line":261,"column":6},"end":{"line":261,"column":42}},"91":{"start":{"line":264,"column":4},"end":{"line":267,"column":7}},"92":{"start":{"line":271,"column":4},"end":{"line":274,"column":7}},"93":{"start":{"line":278,"column":4},"end":{"line":278,"column":41}}},"fnMap":{"0":{"name":"(anonymous_0)","decl":{"start":{"line":20,"column":2},"end":{"line":20,"column":3}},"loc":{"start":{"line":20,"column":33},"end":{"line":42,"column":3}},"line":20},"1":{"name":"(anonymous_1)","decl":{"start":{"line":48,"column":2},"end":{"line":48,"column":3}},"loc":{"start":{"line":48,"column":9},"end":{"line":67,"column":3}},"line":48},"2":{"name":"(anonymous_2)","decl":{"start":{"line":69,"column":2},"end":{"line":69,"column":3}},"loc":{"start":{"line":69,"column":38},"end":{"line":125,"column":3}},"line":69},"3":{"name":"(anonymous_3)","decl":{"start":{"line":77,"column":35},"end":{"line":77,"column":36}},"loc":{"start":{"line":77,"column":46},"end":{"line":85,"column":5}},"line":77},"4":{"name":"(anonymous_4)","decl":{"start":{"line":87,"column":28},"end":{"line":87,"column":29}},"loc":{"start":{"line":87,"column":39},"end":{"line":96,"column":5}},"line":87},"5":{"name":"(anonymous_5)","decl":{"start":{"line":98,"column":43},"end":{"line":98,"column":44}},"loc":{"start":{"line":98,"column":50},"end":{"line":102,"column":5}},"line":98},"6":{"name":"(anonymous_6)","decl":{"start":{"line":105,"column":43},"end":{"line":105,"column":44}},"loc":{"start":{"line":105,"column":54},"end":{"line":107,"column":7}},"line":105},"7":{"name":"(anonymous_7)","decl":{"start":{"line":111,"column":45},"end":{"line":111,"column":46}},"loc":{"start":{"line":111,"column":56},"end":{"line":113,"column":7}},"line":111},"8":{"name":"(anonymous_8)","decl":{"start":{"line":118,"column":40},"end":{"line":118,"column":41}},"loc":{"start":{"line":118,"column":52},"end":{"line":120,"column":5}},"line":118},"9":{"name":"(anonymous_9)","decl":{"start":{"line":127,"column":2},"end":{"line":127,"column":3}},"loc":{"start":{"line":127,"column":46},"end":{"line":131,"column":3}},"line":127},"10":{"name":"(anonymous_10)","decl":{"start":{"line":133,"column":2},"end":{"line":133,"column":3}},"loc":{"start":{"line":133,"column":36},"end":{"line":153,"column":3}},"line":133},"11":{"name":"(anonymous_11)","decl":{"start":{"line":135,"column":63},"end":{"line":135,"column":64}},"loc":{"start":{"line":135,"column":69},"end":{"line":140,"column":5}},"line":135},"12":{"name":"(anonymous_12)","decl":{"start":{"line":147,"column":28},"end":{"line":147,"column":29}},"loc":{"start":{"line":147,"column":36},"end":{"line":152,"column":5}},"line":147},"13":{"name":"(anonymous_13)","decl":{"start":{"line":149,"column":39},"end":{"line":149,"column":40}},"loc":{"start":{"line":149,"column":50},"end":{"line":151,"column":7}},"line":149},"14":{"name":"(anonymous_14)","decl":{"start":{"line":155,"column":2},"end":{"line":155,"column":3}},"loc":{"start":{"line":155,"column":22},"end":{"line":160,"column":3}},"line":155},"15":{"name":"(anonymous_15)","decl":{"start":{"line":162,"column":2},"end":{"line":162,"column":3}},"loc":{"start":{"line":162,"column":56},"end":{"line":185,"column":3}},"line":162},"16":{"name":"(anonymous_16)","decl":{"start":{"line":187,"column":2},"end":{"line":187,"column":3}},"loc":{"start":{"line":187,"column":26},"end":{"line":193,"column":3}},"line":187},"17":{"name":"(anonymous_17)","decl":{"start":{"line":195,"column":2},"end":{"line":195,"column":3}},"loc":{"start":{"line":195,"column":26},"end":{"line":198,"column":3}},"line":195},"18":{"name":"(anonymous_18)","decl":{"start":{"line":200,"column":2},"end":{"line":200,"column":3}},"loc":{"start":{"line":200,"column":23},"end":{"line":235,"column":3}},"line":200},"19":{"name":"(anonymous_19)","decl":{"start":{"line":201,"column":23},"end":{"line":201,"column":24}},"loc":{"start":{"line":201,"column":50},"end":{"line":234,"column":5}},"line":201},"20":{"name":"(anonymous_20)","decl":{"start":{"line":237,"column":2},"end":{"line":237,"column":3}},"loc":{"start":{"line":237,"column":23},"end":{"line":241,"column":3}},"line":237},"21":{"name":"(anonymous_21)","decl":{"start":{"line":247,"column":2},"end":{"line":247,"column":3}},"loc":{"start":{"line":247,"column":30},"end":{"line":255,"column":3}},"line":247},"22":{"name":"(anonymous_22)","decl":{"start":{"line":257,"column":2},"end":{"line":257,"column":3}},"loc":{"start":{"line":257,"column":21},"end":{"line":268,"column":3}},"line":257},"23":{"name":"(anonymous_23)","decl":{"start":{"line":270,"column":2},"end":{"line":270,"column":3}},"loc":{"start":{"line":270,"column":25},"end":{"line":275,"column":3}},"line":270},"24":{"name":"(anonymous_24)","decl":{"start":{"line":277,"column":2},"end":{"line":277,"column":3}},"loc":{"start":{"line":277,"column":18},"end":{"line":279,"column":3}},"line":277}},"branchMap":{"0":{"loc":{"start":{"line":49,"column":4},"end":{"line":52,"column":5}},"type":"if","locations":[{"start":{"line":49,"column":4},"end":{"line":52,"column":5}},{"start":{},"end":{}}],"line":49},"1":{"loc":{"start":{"line":49,"column":8},"end":{"line":49,"column":58}},"type":"binary-expr","locations":[{"start":{"line":49,"column":8},"end":{"line":49,"column":31}},{"start":{"line":49,"column":35},"end":{"line":49,"column":58}}],"line":49},"2":{"loc":{"start":{"line":54,"column":4},"end":{"line":66,"column":5}},"type":"if","locations":[{"start":{"line":54,"column":4},"end":{"line":66,"column":5}},{"start":{"line":63,"column":11},"end":{"line":66,"column":5}}],"line":54},"3":{"loc":{"start":{"line":55,"column":6},"end":{"line":56,"column":41}},"type":"binary-expr","locations":[{"start":{"line":55,"column":6},"end":{"line":55,"column":37}},{"start":{"line":56,"column":6},"end":{"line":56,"column":41}}],"line":55},"4":{"loc":{"start":{"line":69,"column":21},"end":{"line":69,"column":36}},"type":"default-arg","locations":[{"start":{"line":69,"column":32},"end":{"line":69,"column":36}}],"line":69},"5":{"loc":{"start":{"line":70,"column":4},"end":{"line":73,"column":5}},"type":"if","locations":[{"start":{"line":70,"column":4},"end":{"line":73,"column":5}},{"start":{},"end":{}}],"line":70},"6":{"loc":{"start":{"line":70,"column":8},"end":{"line":70,"column":76}},"type":"binary-expr","locations":[{"start":{"line":70,"column":8},"end":{"line":70,"column":38}},{"start":{"line":70,"column":42},"end":{"line":70,"column":50}},{"start":{"line":70,"column":54},"end":{"line":70,"column":76}}],"line":70},"7":{"loc":{"start":{"line":78,"column":6},"end":{"line":84,"column":7}},"type":"if","locations":[{"start":{"line":78,"column":6},"end":{"line":84,"column":7}},{"start":{},"end":{}}],"line":78},"8":{"loc":{"start":{"line":88,"column":6},"end":{"line":90,"column":7}},"type":"if","locations":[{"start":{"line":88,"column":6},"end":{"line":90,"column":7}},{"start":{},"end":{}}],"line":88},"9":{"loc":{"start":{"line":93,"column":6},"end":{"line":95,"column":7}},"type":"if","locations":[{"start":{"line":93,"column":6},"end":{"line":95,"column":7}},{"start":{},"end":{}}],"line":93},"10":{"loc":{"start":{"line":104,"column":4},"end":{"line":108,"column":5}},"type":"if","locations":[{"start":{"line":104,"column":4},"end":{"line":108,"column":5}},{"start":{},"end":{}}],"line":104},"11":{"loc":{"start":{"line":110,"column":4},"end":{"line":114,"column":5}},"type":"if","locations":[{"start":{"line":110,"column":4},"end":{"line":114,"column":5}},{"start":{},"end":{}}],"line":110},"12":{"loc":{"start":{"line":128,"column":4},"end":{"line":130,"column":5}},"type":"if","locations":[{"start":{"line":128,"column":4},"end":{"line":130,"column":5}},{"start":{},"end":{}}],"line":128},"13":{"loc":{"start":{"line":168,"column":4},"end":{"line":171,"column":5}},"type":"if","locations":[{"start":{"line":168,"column":4},"end":{"line":171,"column":5}},{"start":{},"end":{}}],"line":168},"14":{"loc":{"start":{"line":190,"column":4},"end":{"line":192,"column":5}},"type":"if","locations":[{"start":{"line":190,"column":4},"end":{"line":192,"column":5}},{"start":{},"end":{}}],"line":190},"15":{"loc":{"start":{"line":202,"column":6},"end":{"line":208,"column":7}},"type":"if","locations":[{"start":{"line":202,"column":6},"end":{"line":208,"column":7}},{"start":{},"end":{}}],"line":202},"16":{"loc":{"start":{"line":203,"column":8},"end":{"line":204,"column":43}},"type":"binary-expr","locations":[{"start":{"line":203,"column":8},"end":{"line":203,"column":39}},{"start":{"line":204,"column":8},"end":{"line":204,"column":43}}],"line":203},"17":{"loc":{"start":{"line":214,"column":6},"end":{"line":233,"column":7}},"type":"if","locations":[{"start":{"line":214,"column":6},"end":{"line":233,"column":7}},{"start":{"line":229,"column":13},"end":{"line":233,"column":7}}],"line":214},"18":{"loc":{"start":{"line":250,"column":4},"end":{"line":252,"column":5}},"type":"if","locations":[{"start":{"line":250,"column":4},"end":{"line":252,"column":5}},{"start":{},"end":{}}],"line":250},"19":{"loc":{"start":{"line":260,"column":4},"end":{"line":262,"column":5}},"type":"if","locations":[{"start":{"line":260,"column":4},"end":{"line":262,"column":5}},{"start":{},"end":{}}],"line":260}},"s":{"0":3,"1":1,"2":1,"3":1,"4":1,"5":1,"6":1,"7":1,"8":1,"9":1,"10":1,"11":1,"12":1,"13":0,"14":0,"15":1,"16":0,"17":0,"18":1,"19":1,"20":1,"21":0,"22":0,"23":1,"24":1,"25":0,"26":0,"27":1,"28":0,"29":0,"30":0,"31":0,"32":0,"33":1,"34":0,"35":1,"36":1,"37":0,"38":1,"39":0,"40":0,"41":1,"42":1,"43":0,"44":1,"45":0,"46":0,"47":0,"48":0,"49":0,"50":0,"51":0,"52":0,"53":0,"54":0,"55":0,"56":0,"57":0,"58":0,"59":0,"60":0,"61":0,"62":0,"63":0,"64":0,"65":1,"66":1,"67":1,"68":1,"69":1,"70":1,"71":1,"72":0,"73":0,"74":1,"75":1,"76":1,"77":1,"78":1,"79":1,"80":1,"81":0,"82":0,"83":0,"84":1,"85":1,"86":1,"87":1,"88":1,"89":1,"90":0,"91":1,"92":0,"93":0},"f":{"0":1,"1":1,"2":1,"3":0,"4":0,"5":0,"6":0,"7":0,"8":0,"9":0,"10":0,"11":0,"12":0,"13":0,"14":0,"15":0,"16":1,"17":1,"18":1,"19":1,"20":0,"21":1,"22":1,"23":0,"24":0},"b":{"0":[0,1],"1":[1,0],"2":[0,1],"3":[1,0],"4":[0],"5":[0,1],"6":[1,0,0],"7":[0,0],"8":[0,0],"9":[0,0],"10":[1,0],"11":[0,1],"12":[0,0],"13":[0,0],"14":[1,0],"15":[0,1],"16":[1,1],"17":[1,0],"18":[1,0],"19":[0,1]},"_coverageSchema":"1a1c01bbd47fc00a2c39e90264f33305004495a9","hash":"e6bbef9b8bdaf9875adfb4ff86dbe53f8bd4795c"}
,"/Users/anandsingh/Sites/piehost/piesocket/sdks/piesocket-js/src/misc/DefaultOptions.js": {"path":"/Users/anandsingh/Sites/piehost/piesocket/sdks/piesocket-js/src/misc/DefaultOptions.js","statementMap":{},"fnMap":{},"branchMap":{},"s":{},"f":{},"b":{},"_coverageSchema":"1a1c01bbd47fc00a2c39e90264f33305004495a9","hash":"2082795ec7975e8dd2995beb8b6166a4703ff88d"}
}
