TN:
SF:src/Blockchain.js
FN:7,(anonymous_0)
FN:22,(anonymous_1)
FN:30,(anonymous_2)
FN:44,(anonymous_3)
FN:45,(anonymous_4)
FN:53,(anonymous_5)
FN:60,(anonymous_6)
FN:61,(anonymous_7)
FN:70,(anonymous_8)
FN:76,(anonymous_9)
FN:89,(anonymous_10)
FN:90,(anonymous_11)
FN:100,(anonymous_12)
FN:121,(anonymous_13)
FNF:14
FNH:4
FNDA:2,(anonymous_0)
FNDA:0,(anonymous_1)
FNDA:2,(anonymous_2)
FNDA:1,(anonymous_3)
FNDA:1,(anonymous_4)
FNDA:0,(anonymous_5)
FNDA:0,(anonymous_6)
FNDA:0,(anonymous_7)
FNDA:0,(anonymous_8)
FNDA:0,(anonymous_9)
FNDA:0,(anonymous_10)
FNDA:0,(anonymous_11)
FNDA:0,(anonymous_12)
FNDA:0,(anonymous_13)
DA:1,3
DA:2,3
DA:3,3
DA:4,3
DA:8,2
DA:10,2
DA:11,2
DA:12,2
DA:13,2
DA:15,2
DA:16,1
DA:18,1
DA:23,0
DA:24,0
DA:25,0
DA:27,0
DA:31,2
DA:32,2
DA:33,2
DA:36,0
DA:37,0
DA:38,0
DA:41,0
DA:45,1
DA:46,1
DA:47,0
DA:48,0
DA:51,0
DA:52,0
DA:53,0
DA:54,0
DA:61,0
DA:62,0
DA:63,0
DA:64,0
DA:67,0
DA:69,0
DA:70,0
DA:71,0
DA:76,0
DA:77,0
DA:80,0
DA:81,0
DA:83,0
DA:90,0
DA:91,0
DA:93,0
DA:94,0
DA:95,0
DA:96,0
DA:98,0
DA:100,0
DA:101,0
DA:102,0
DA:103,0
DA:104,0
DA:105,0
DA:106,0
DA:109,0
DA:110,0
DA:112,0
DA:115,0
DA:116,0
DA:121,0
DA:122,0
DA:123,0
DA:126,0
DA:127,0
DA:128,0
LF:69
LH:17
BRDA:15,0,0,1
BRDA:15,0,1,1
BRDA:31,1,0,2
BRDA:31,1,1,0
BRDA:36,2,0,0
BRDA:36,2,1,0
BRDA:46,3,0,0
BRDA:46,3,1,1
BRDA:47,4,0,0
BRDA:47,4,1,0
BRDA:62,5,0,0
BRDA:62,5,1,0
BRDA:63,6,0,0
BRDA:63,6,1,0
BRDA:80,7,0,0
BRDA:80,7,1,0
BRDA:101,8,0,0
BRDA:101,8,1,0
BRDA:104,9,0,0
BRDA:104,9,1,0
BRDA:109,10,0,0
BRDA:109,10,1,0
BRF:22
BRH:4
end_of_record
TN:
SF:src/Channel.js
FN:6,(anonymous_0)
FN:12,(anonymous_1)
FN:13,(anonymous_2)
FN:22,(anonymous_3)
FN:30,(anonymous_4)
FN:41,(anonymous_5)
FN:45,(anonymous_6)
FN:63,(anonymous_7)
FN:68,(anonymous_8)
FN:74,(anonymous_9)
FN:78,(anonymous_10)
FN:90,(anonymous_11)
FN:115,(anonymous_12)
FN:139,(anonymous_13)
FN:170,(anonymous_14)
FN:197,(anonymous_15)
FN:205,(anonymous_16)
FN:218,(anonymous_17)
FN:228,(anonymous_18)
FNF:19
FNH:16
FNDA:5,(anonymous_0)
FNDA:0,(anonymous_1)
FNDA:1,(anonymous_2)
FNDA:5,(anonymous_3)
FNDA:0,(anonymous_4)
FNDA:0,(anonymous_5)
FNDA:7,(anonymous_6)
FNDA:12,(anonymous_7)
FNDA:3,(anonymous_8)
FNDA:1,(anonymous_9)
FNDA:3,(anonymous_10)
FNDA:2,(anonymous_11)
FNDA:2,(anonymous_12)
FNDA:1,(anonymous_13)
FNDA:1,(anonymous_14)
FNDA:1,(anonymous_15)
FNDA:1,(anonymous_16)
FNDA:1,(anonymous_17)
FNDA:2,(anonymous_18)
DA:7,5
DA:8,5
DA:9,5
DA:10,5
DA:11,5
DA:12,5
DA:13,5
DA:15,5
DA:16,1
DA:19,4
DA:23,5
DA:24,5
DA:25,5
DA:26,5
DA:27,5
DA:31,0
DA:32,0
DA:33,0
DA:34,0
DA:35,0
DA:38,0
DA:42,0
DA:46,7
DA:47,7
DA:48,7
DA:49,7
DA:50,7
DA:52,7
DA:53,2
DA:56,7
DA:57,2
DA:60,7
DA:65,12
DA:70,3
DA:75,1
DA:79,3
DA:80,0
DA:82,3
DA:91,2
DA:92,1
DA:95,2
DA:96,2
DA:98,1
DA:99,1
DA:107,1
DA:109,1
DA:110,1
DA:116,2
DA:117,0
DA:120,2
DA:121,2
DA:123,1
DA:124,1
DA:131,1
DA:133,1
DA:134,1
DA:140,1
DA:142,1
DA:143,1
DA:144,1
DA:145,0
DA:149,1
DA:150,1
DA:152,1
DA:153,1
DA:156,1
DA:157,1
DA:161,0
DA:165,1
DA:166,1
DA:171,1
DA:172,0
DA:173,1
DA:174,0
DA:175,1
DA:176,0
DA:177,0
DA:178,0
DA:180,1
DA:181,0
DA:182,1
DA:183,0
DA:184,1
DA:185,0
DA:186,1
DA:187,0
DA:188,1
DA:189,0
DA:190,1
DA:191,0
DA:192,1
DA:193,0
DA:198,1
DA:199,1
DA:202,1
DA:206,1
DA:207,1
DA:210,1
DA:213,1
DA:214,1
DA:219,1
DA:220,1
DA:223,1
DA:224,1
DA:229,2
DA:230,0
DA:232,2
DA:233,2
LF:108
LH:84
BRDA:6,0,0,4
BRDA:15,1,0,1
BRDA:15,1,1,4
BRDA:33,2,0,0
BRDA:33,2,1,0
BRDA:52,3,0,2
BRDA:52,3,1,5
BRDA:56,4,0,2
BRDA:56,4,1,5
BRDA:79,5,0,0
BRDA:79,5,1,3
BRDA:79,6,0,3
BRDA:79,6,1,1
BRDA:91,7,0,1
BRDA:91,7,1,1
BRDA:98,8,0,1
BRDA:98,8,1,0
BRDA:109,9,0,1
BRDA:109,9,1,0
BRDA:116,10,0,0
BRDA:116,10,1,2
BRDA:123,11,0,1
BRDA:123,11,1,0
BRDA:133,12,0,1
BRDA:133,12,1,0
BRDA:144,13,0,0
BRDA:144,13,1,1
BRDA:144,14,0,1
BRDA:144,14,1,0
BRDA:149,15,0,1
BRDA:149,15,1,0
BRDA:152,16,0,1
BRDA:152,16,1,0
BRDA:156,17,0,1
BRDA:156,17,1,0
BRDA:165,18,0,1
BRDA:165,18,1,0
BRDA:171,19,0,0
BRDA:171,19,1,1
BRDA:173,20,0,0
BRDA:173,20,1,1
BRDA:175,21,0,0
BRDA:175,21,1,1
BRDA:177,22,0,0
BRDA:177,22,1,0
BRDA:180,23,0,0
BRDA:180,23,1,1
BRDA:180,24,0,1
BRDA:180,24,1,0
BRDA:182,25,0,0
BRDA:182,25,1,1
BRDA:182,26,0,1
BRDA:182,26,1,0
BRDA:184,27,0,0
BRDA:184,27,1,1
BRDA:184,28,0,1
BRDA:184,28,1,0
BRDA:186,29,0,0
BRDA:186,29,1,1
BRDA:186,30,0,1
BRDA:186,30,1,0
BRDA:188,31,0,0
BRDA:188,31,1,1
BRDA:188,32,0,1
BRDA:188,32,1,0
BRDA:190,33,0,0
BRDA:190,33,1,1
BRDA:190,34,0,1
BRDA:190,34,1,0
BRDA:192,35,0,0
BRDA:192,35,1,1
BRDA:192,36,0,1
BRDA:192,36,1,0
BRDA:213,37,0,1
BRDA:213,37,1,0
BRDA:223,38,0,1
BRDA:223,38,1,0
BRDA:229,39,0,0
BRDA:229,39,1,2
BRF:79
BRH:43
end_of_record
TN:
SF:src/InvalidAuthException.js
FN:2,(anonymous_0)
FNF:1
FNH:1
FNDA:2,(anonymous_0)
DA:3,2
DA:4,2
LF:2
LH:2
BRDA:2,0,0,1
BRDA:2,1,0,2
BRDA:3,2,0,2
BRDA:3,2,1,1
BRF:4
BRH:4
end_of_record
TN:
SF:src/Logger.js
FN:2,(anonymous_0)
FN:6,(anonymous_1)
FN:12,(anonymous_2)
FN:18,(anonymous_3)
FNF:4
FNH:4
FNDA:15,(anonymous_0)
FNDA:9,(anonymous_1)
FNDA:1,(anonymous_2)
FNDA:2,(anonymous_3)
DA:3,15
DA:7,9
DA:8,0
DA:13,1
DA:14,0
DA:19,2
DA:20,0
LF:7
LH:4
BRDA:7,0,0,0
BRDA:7,0,1,9
BRDA:13,1,0,0
BRDA:13,1,1,1
BRDA:19,2,0,0
BRDA:19,2,1,2
BRF:6
BRH:3
end_of_record
TN:
SF:src/PieSocket.js
FN:9,(anonymous_0)
FN:17,(anonymous_1)
FN:18,(anonymous_2)
FN:34,(anonymous_3)
FN:45,(anonymous_4)
FN:61,(anonymous_5)
FN:72,(anonymous_6)
FN:76,(anonymous_7)
FN:77,(anonymous_8)
FN:84,(anonymous_9)
FN:94,(anonymous_10)
FN:101,(anonymous_11)
FN:109,(anonymous_12)
FN:117,(anonymous_13)
FNF:14
FNH:7
FNDA:5,(anonymous_0)
FNDA:3,(anonymous_1)
FNDA:3,(anonymous_2)
FNDA:0,(anonymous_3)
FNDA:0,(anonymous_4)
FNDA:2,(anonymous_5)
FNDA:1,(anonymous_6)
FNDA:0,(anonymous_7)
FNDA:0,(anonymous_8)
FNDA:0,(anonymous_9)
FNDA:0,(anonymous_10)
FNDA:0,(anonymous_11)
FNDA:14,(anonymous_12)
FNDA:12,(anonymous_13)
DA:10,5
DA:12,5
DA:13,5
DA:14,5
DA:18,3
DA:19,3
DA:21,0
DA:24,3
DA:25,3
DA:27,3
DA:28,1
DA:29,1
DA:31,2
DA:32,2
DA:35,0
DA:36,0
DA:37,0
DA:40,0
DA:42,0
DA:43,0
DA:46,0
DA:51,2
DA:53,2
DA:54,2
DA:55,2
DA:62,2
DA:63,1
DA:64,1
DA:65,1
DA:66,1
DA:69,1
DA:73,1
DA:77,0
DA:78,0
DA:79,0
DA:81,0
DA:82,0
DA:84,0
DA:85,0
DA:86,0
DA:87,0
DA:88,0
DA:90,0
DA:94,0
DA:95,0
DA:98,0
DA:100,0
DA:101,0
DA:102,0
DA:105,0
DA:110,14
DA:111,3
DA:114,11
DA:118,12
DA:119,12
DA:120,12
DA:123,12
DA:124,1
DA:125,11
DA:126,3
DA:127,3
DA:128,2
DA:133,12
DA:134,1
DA:138,12
DA:140,12
LF:66
LH:40
BRDA:10,0,0,5
BRDA:10,0,1,2
BRDA:17,1,0,3
BRDA:19,2,0,0
BRDA:19,2,1,3
BRDA:19,3,0,3
BRDA:19,3,1,3
BRDA:19,3,2,3
BRDA:27,4,0,1
BRDA:27,4,1,2
BRDA:36,5,0,0
BRDA:36,5,1,0
BRDA:36,6,0,0
BRDA:36,6,1,0
BRDA:36,6,2,0
BRDA:51,7,0,2
BRDA:51,7,1,0
BRDA:62,8,0,1
BRDA:62,8,1,1
BRDA:85,9,0,0
BRDA:85,9,1,0
BRDA:110,10,0,3
BRDA:110,10,1,11
BRDA:118,11,0,12
BRDA:118,11,1,0
BRDA:119,12,0,12
BRDA:119,12,1,0
BRDA:123,13,0,1
BRDA:123,13,1,11
BRDA:125,14,0,3
BRDA:125,14,1,8
BRDA:127,15,0,2
BRDA:127,15,1,1
BRDA:133,16,0,1
BRDA:133,16,1,11
BRF:35
BRH:24
end_of_record
TN:
SF:src/Portal.js
FN:20,(anonymous_0)
FN:48,(anonymous_1)
FN:69,(anonymous_2)
FN:77,(anonymous_3)
FN:87,(anonymous_4)
FN:98,(anonymous_5)
FN:105,(anonymous_6)
FN:111,(anonymous_7)
FN:118,(anonymous_8)
FN:127,(anonymous_9)
FN:133,(anonymous_10)
FN:135,(anonymous_11)
FN:147,(anonymous_12)
FN:149,(anonymous_13)
FN:155,(anonymous_14)
FN:162,(anonymous_15)
FN:187,(anonymous_16)
FN:195,(anonymous_17)
FN:200,(anonymous_18)
FN:201,(anonymous_19)
FN:237,(anonymous_20)
FN:247,(anonymous_21)
FN:257,(anonymous_22)
FN:270,(anonymous_23)
FN:277,(anonymous_24)
FNF:25
FNH:9
FNDA:1,(anonymous_0)
FNDA:1,(anonymous_1)
FNDA:1,(anonymous_2)
FNDA:0,(anonymous_3)
FNDA:0,(anonymous_4)
FNDA:0,(anonymous_5)
FNDA:0,(anonymous_6)
FNDA:0,(anonymous_7)
FNDA:0,(anonymous_8)
FNDA:0,(anonymous_9)
FNDA:0,(anonymous_10)
FNDA:0,(anonymous_11)
FNDA:0,(anonymous_12)
FNDA:0,(anonymous_13)
FNDA:0,(anonymous_14)
FNDA:0,(anonymous_15)
FNDA:1,(anonymous_16)
FNDA:1,(anonymous_17)
FNDA:1,(anonymous_18)
FNDA:1,(anonymous_19)
FNDA:0,(anonymous_20)
FNDA:1,(anonymous_21)
FNDA:1,(anonymous_22)
FNDA:0,(anonymous_23)
FNDA:0,(anonymous_24)
DA:5,3
DA:21,1
DA:22,1
DA:23,1
DA:24,1
DA:25,1
DA:26,1
DA:32,1
DA:37,1
DA:38,1
DA:40,1
DA:41,1
DA:49,1
DA:50,0
DA:51,0
DA:54,1
DA:58,0
DA:62,0
DA:64,1
DA:65,1
DA:70,1
DA:71,0
DA:72,0
DA:75,1
DA:77,1
DA:78,0
DA:79,0
DA:87,1
DA:88,0
DA:89,0
DA:92,0
DA:93,0
DA:94,0
DA:98,1
DA:100,0
DA:104,1
DA:105,1
DA:106,0
DA:110,1
DA:111,0
DA:112,0
DA:116,1
DA:118,1
DA:119,0
DA:122,1
DA:128,0
DA:129,0
DA:135,0
DA:136,0
DA:143,0
DA:144,0
DA:146,0
DA:147,0
DA:148,0
DA:149,0
DA:150,0
DA:156,0
DA:168,0
DA:169,0
DA:170,0
DA:173,0
DA:175,0
DA:176,0
DA:178,0
DA:180,0
DA:188,1
DA:190,1
DA:191,1
DA:196,1
DA:197,1
DA:201,1
DA:202,1
DA:206,0
DA:207,0
DA:210,1
DA:214,1
DA:215,1
DA:216,1
DA:220,1
DA:223,1
DA:228,1
DA:230,0
DA:232,0
DA:238,0
DA:248,1
DA:250,1
DA:251,1
DA:254,1
DA:258,1
DA:260,1
DA:261,0
DA:264,1
DA:271,0
DA:278,0
LF:94
LH:48
BRDA:49,0,0,0
BRDA:49,0,1,1
BRDA:49,1,0,1
BRDA:49,1,1,0
BRDA:54,2,0,0
BRDA:54,2,1,1
BRDA:55,3,0,1
BRDA:55,3,1,0
BRDA:69,4,0,0
BRDA:70,5,0,0
BRDA:70,5,1,1
BRDA:70,6,0,1
BRDA:70,6,1,0
BRDA:70,6,2,0
BRDA:78,7,0,0
BRDA:78,7,1,0
BRDA:88,8,0,0
BRDA:88,8,1,0
BRDA:93,9,0,0
BRDA:93,9,1,0
BRDA:104,10,0,1
BRDA:104,10,1,0
BRDA:110,11,0,0
BRDA:110,11,1,1
BRDA:128,12,0,0
BRDA:128,12,1,0
BRDA:168,13,0,0
BRDA:168,13,1,0
BRDA:190,14,0,1
BRDA:190,14,1,0
BRDA:202,15,0,0
BRDA:202,15,1,1
BRDA:203,16,0,1
BRDA:203,16,1,1
BRDA:214,17,0,1
BRDA:214,17,1,0
BRDA:250,18,0,1
BRDA:250,18,1,0
BRDA:260,19,0,0
BRDA:260,19,1,1
BRF:40
BRH:15
end_of_record
TN:
SF:src/misc/DefaultOptions.js
FNF:0
FNH:0
LF:0
LH:0
BRF:0
BRH:0
end_of_record
